2022-11-17 17:40:42.779794: I Loading parameters
2022-11-17 17:40:42.780006: I Parameter intermediate_dim set to 100
2022-11-17 17:40:42.780050: I Parameter latent_dim set to 50
2022-11-17 17:40:42.780088: I Parameter reg_lambda set to 0
2022-11-17 17:40:42.780189: I Parameter lr set to 0.01
2022-11-17 17:40:42.780286: I Parameter dropout_pkeep set to 0.8
2022-11-17 17:40:45.056293: I Epoch 1/10 loss 972.98645
2022-11-17 17:40:45.056904: I Writing recommendations at: /home/vincenzo/PycharmProjects/my_sir_elliot/results/movielens_1m/recs
2022-11-17 17:40:45.147360: I I have found a best iteration
2022-11-17 17:40:46.602636: I Epoch 2/10 loss 242.83009
2022-11-17 17:40:46.602909: I Removing old recommendations from: /home/vincenzo/PycharmProjects/my_sir_elliot/results/movielens_1m/recs
2022-11-17 17:40:46.603130: I Writing recommendations at: /home/vincenzo/PycharmProjects/my_sir_elliot/results/movielens_1m/recs
2022-11-17 17:40:46.692581: I I have found a best iteration
2022-11-17 17:40:48.138302: I Epoch 3/10 loss 105.86562
2022-11-17 17:40:48.138576: I Removing old recommendations from: /home/vincenzo/PycharmProjects/my_sir_elliot/results/movielens_1m/recs
2022-11-17 17:40:48.138779: I Writing recommendations at: /home/vincenzo/PycharmProjects/my_sir_elliot/results/movielens_1m/recs
2022-11-17 17:40:48.229255: I I have found a best iteration
2022-11-17 17:40:49.681644: I Epoch 4/10 loss 57.40933
2022-11-17 17:40:49.681922: I Removing old recommendations from: /home/vincenzo/PycharmProjects/my_sir_elliot/results/movielens_1m/recs
2022-11-17 17:40:49.682134: I Writing recommendations at: /home/vincenzo/PycharmProjects/my_sir_elliot/results/movielens_1m/recs
2022-11-17 17:40:49.773625: I I have found a best iteration
2022-11-17 17:40:51.227527: I Epoch 5/10 loss 36.03599
2022-11-17 17:40:51.227809: I Removing old recommendations from: /home/vincenzo/PycharmProjects/my_sir_elliot/results/movielens_1m/recs
2022-11-17 17:40:51.228037: I Writing recommendations at: /home/vincenzo/PycharmProjects/my_sir_elliot/results/movielens_1m/recs
2022-11-17 17:40:51.316573: I I have found a best iteration
2022-11-17 17:40:52.795155: I Epoch 6/10 loss 24.96318
2022-11-17 17:40:52.795431: I Removing old recommendations from: /home/vincenzo/PycharmProjects/my_sir_elliot/results/movielens_1m/recs
2022-11-17 17:40:52.795641: I Writing recommendations at: /home/vincenzo/PycharmProjects/my_sir_elliot/results/movielens_1m/recs
2022-11-17 17:40:52.885229: I I have found a best iteration
2022-11-17 17:40:54.322890: I Epoch 7/10 loss 18.28758
2022-11-17 17:40:54.323168: I Removing old recommendations from: /home/vincenzo/PycharmProjects/my_sir_elliot/results/movielens_1m/recs
2022-11-17 17:40:54.323374: I Writing recommendations at: /home/vincenzo/PycharmProjects/my_sir_elliot/results/movielens_1m/recs
2022-11-17 17:40:54.413017: I I have found a best iteration
2022-11-17 17:40:55.929339: I Epoch 8/10 loss 13.95788
2022-11-17 17:40:57.365236: I Epoch 9/10 loss 11.01103
2022-11-17 17:40:57.365524: I Removing old recommendations from: /home/vincenzo/PycharmProjects/my_sir_elliot/results/movielens_1m/recs
2022-11-17 17:40:57.365736: I Writing recommendations at: /home/vincenzo/PycharmProjects/my_sir_elliot/results/movielens_1m/recs
2022-11-17 17:40:57.455798: I I have found a best iteration
2022-11-17 17:40:58.927225: I Epoch 10/10 loss 8.91315
2022-11-17 17:40:58.983533: I Loading parameters
2022-11-17 17:40:58.983925: I Parameter intermediate_dim set to 200
2022-11-17 17:40:58.984040: I Parameter latent_dim set to 50
2022-11-17 17:40:58.984083: I Parameter reg_lambda set to 0
2022-11-17 17:40:58.984212: I Parameter lr set to 0.01
2022-11-17 17:40:58.984254: I Parameter dropout_pkeep set to 0.8
2022-11-17 17:41:00.987620: I Epoch 1/10 loss 973.41638
2022-11-17 17:41:00.988238: I Writing recommendations at: /home/vincenzo/PycharmProjects/my_sir_elliot/results/movielens_1m/recs
2022-11-17 17:41:01.077765: I I have found a best iteration
2022-11-17 17:41:02.646463: I Epoch 2/10 loss 242.52287
2022-11-17 17:41:02.646745: I Removing old recommendations from: /home/vincenzo/PycharmProjects/my_sir_elliot/results/movielens_1m/recs
2022-11-17 17:41:02.646970: I Writing recommendations at: /home/vincenzo/PycharmProjects/my_sir_elliot/results/movielens_1m/recs
2022-11-17 17:41:02.735722: I I have found a best iteration
2022-11-17 17:41:04.277407: I Epoch 3/10 loss 103.47013
2022-11-17 17:41:04.277689: I Removing old recommendations from: /home/vincenzo/PycharmProjects/my_sir_elliot/results/movielens_1m/recs
2022-11-17 17:41:04.277898: I Writing recommendations at: /home/vincenzo/PycharmProjects/my_sir_elliot/results/movielens_1m/recs
2022-11-17 17:41:04.370546: I I have found a best iteration
2022-11-17 17:41:05.987798: I Epoch 4/10 loss 56.82123
2022-11-17 17:41:05.988078: I Removing old recommendations from: /home/vincenzo/PycharmProjects/my_sir_elliot/results/movielens_1m/recs
2022-11-17 17:41:05.988299: I Writing recommendations at: /home/vincenzo/PycharmProjects/my_sir_elliot/results/movielens_1m/recs
2022-11-17 17:41:06.078708: I I have found a best iteration
2022-11-17 17:41:07.620574: I Epoch 5/10 loss 36.30805
2022-11-17 17:41:07.620851: I Removing old recommendations from: /home/vincenzo/PycharmProjects/my_sir_elliot/results/movielens_1m/recs
2022-11-17 17:41:07.621067: I Writing recommendations at: /home/vincenzo/PycharmProjects/my_sir_elliot/results/movielens_1m/recs
2022-11-17 17:41:07.709839: I I have found a best iteration
2022-11-17 17:41:09.236264: I Epoch 6/10 loss 24.89128
2022-11-17 17:41:10.782674: I Epoch 7/10 loss 18.26638
2022-11-17 17:41:12.319212: I Epoch 8/10 loss 13.93538
2022-11-17 17:41:13.872232: I Epoch 9/10 loss 10.99014
2022-11-17 17:41:13.872534: I Removing old recommendations from: /home/vincenzo/PycharmProjects/my_sir_elliot/results/movielens_1m/recs
2022-11-17 17:41:13.872741: I Writing recommendations at: /home/vincenzo/PycharmProjects/my_sir_elliot/results/movielens_1m/recs
2022-11-17 17:41:13.962730: I I have found a best iteration
2022-11-17 17:41:15.505511: I Epoch 10/10 loss 8.88486
2022-11-17 17:41:15.562780: I Loading parameters
2022-11-17 17:41:15.563198: I Parameter intermediate_dim set to 100
2022-11-17 17:41:15.563298: I Parameter latent_dim set to 100
2022-11-17 17:41:15.563427: I Parameter reg_lambda set to 0
2022-11-17 17:41:15.563547: I Parameter lr set to 0.01
2022-11-17 17:41:15.563668: I Parameter dropout_pkeep set to 0.8
2022-11-17 17:41:17.554637: I Epoch 1/10 loss 973.19171
2022-11-17 17:41:17.555243: I Writing recommendations at: /home/vincenzo/PycharmProjects/my_sir_elliot/results/movielens_1m/recs
2022-11-17 17:41:17.643386: I I have found a best iteration
2022-11-17 17:41:19.124502: I Epoch 2/10 loss 242.10695
2022-11-17 17:41:19.124771: I Removing old recommendations from: /home/vincenzo/PycharmProjects/my_sir_elliot/results/movielens_1m/recs
2022-11-17 17:41:19.124978: I Writing recommendations at: /home/vincenzo/PycharmProjects/my_sir_elliot/results/movielens_1m/recs
2022-11-17 17:41:19.211719: I I have found a best iteration
2022-11-17 17:41:20.682794: I Epoch 3/10 loss 104.11563
2022-11-17 17:41:20.683068: I Removing old recommendations from: /home/vincenzo/PycharmProjects/my_sir_elliot/results/movielens_1m/recs
2022-11-17 17:41:20.683293: I Writing recommendations at: /home/vincenzo/PycharmProjects/my_sir_elliot/results/movielens_1m/recs
2022-11-17 17:41:20.773748: I I have found a best iteration
2022-11-17 17:41:22.277213: I Epoch 4/10 loss 56.48450
2022-11-17 17:41:22.277495: I Removing old recommendations from: /home/vincenzo/PycharmProjects/my_sir_elliot/results/movielens_1m/recs
2022-11-17 17:41:22.277715: I Writing recommendations at: /home/vincenzo/PycharmProjects/my_sir_elliot/results/movielens_1m/recs
2022-11-17 17:41:22.368201: I I have found a best iteration
2022-11-17 17:41:23.862043: I Epoch 5/10 loss 35.90623
2022-11-17 17:41:23.862308: I Removing old recommendations from: /home/vincenzo/PycharmProjects/my_sir_elliot/results/movielens_1m/recs
2022-11-17 17:41:23.862536: I Writing recommendations at: /home/vincenzo/PycharmProjects/my_sir_elliot/results/movielens_1m/recs
2022-11-17 17:41:23.951388: I I have found a best iteration
2022-11-17 17:41:25.441500: I Epoch 6/10 loss 24.89114
2022-11-17 17:41:25.441773: I Removing old recommendations from: /home/vincenzo/PycharmProjects/my_sir_elliot/results/movielens_1m/recs
2022-11-17 17:41:25.441994: I Writing recommendations at: /home/vincenzo/PycharmProjects/my_sir_elliot/results/movielens_1m/recs
2022-11-17 17:41:25.531037: I I have found a best iteration
2022-11-17 17:41:27.027854: I Epoch 7/10 loss 18.23283
2022-11-17 17:41:28.591403: I Epoch 8/10 loss 13.93261
2022-11-17 17:41:30.085014: I Epoch 9/10 loss 10.99601
2022-11-17 17:41:31.593627: I Epoch 10/10 loss 8.90514
2022-11-17 17:41:31.652140: I Loading parameters
2022-11-17 17:41:31.652562: I Parameter intermediate_dim set to 200
2022-11-17 17:41:31.652674: I Parameter latent_dim set to 100
2022-11-17 17:41:31.652777: I Parameter reg_lambda set to 0
2022-11-17 17:41:31.652880: I Parameter lr set to 0.01
2022-11-17 17:41:31.652980: I Parameter dropout_pkeep set to 0.8
2022-11-17 17:41:33.622341: I Epoch 1/10 loss 973.93921
2022-11-17 17:41:33.622966: I Writing recommendations at: /home/vincenzo/PycharmProjects/my_sir_elliot/results/movielens_1m/recs
2022-11-17 17:41:33.713083: I I have found a best iteration
2022-11-17 17:41:35.297915: I Epoch 2/10 loss 242.53868
2022-11-17 17:41:35.298200: I Removing old recommendations from: /home/vincenzo/PycharmProjects/my_sir_elliot/results/movielens_1m/recs
2022-11-17 17:41:35.298414: I Writing recommendations at: /home/vincenzo/PycharmProjects/my_sir_elliot/results/movielens_1m/recs
2022-11-17 17:41:35.390949: I I have found a best iteration
2022-11-17 17:41:36.969634: I Epoch 3/10 loss 103.15274
2022-11-17 17:41:36.969915: I Removing old recommendations from: /home/vincenzo/PycharmProjects/my_sir_elliot/results/movielens_1m/recs
2022-11-17 17:41:36.970141: I Writing recommendations at: /home/vincenzo/PycharmProjects/my_sir_elliot/results/movielens_1m/recs
2022-11-17 17:41:37.059908: I I have found a best iteration
2022-11-17 17:41:38.715549: I Epoch 4/10 loss 56.94864
2022-11-17 17:41:38.715830: I Removing old recommendations from: /home/vincenzo/PycharmProjects/my_sir_elliot/results/movielens_1m/recs
2022-11-17 17:41:38.716065: I Writing recommendations at: /home/vincenzo/PycharmProjects/my_sir_elliot/results/movielens_1m/recs
2022-11-17 17:41:38.806363: I I have found a best iteration
2022-11-17 17:41:40.368458: I Epoch 5/10 loss 36.21843
2022-11-17 17:41:40.368733: I Removing old recommendations from: /home/vincenzo/PycharmProjects/my_sir_elliot/results/movielens_1m/recs
2022-11-17 17:41:40.368956: I Writing recommendations at: /home/vincenzo/PycharmProjects/my_sir_elliot/results/movielens_1m/recs
2022-11-17 17:41:40.459153: I I have found a best iteration
2022-11-17 17:41:42.036224: I Epoch 6/10 loss 24.83938
2022-11-17 17:41:43.617001: I Epoch 7/10 loss 18.24197
2022-11-17 17:41:45.189861: I Epoch 8/10 loss 13.93360
2022-11-17 17:41:46.757414: I Epoch 9/10 loss 10.98230
2022-11-17 17:41:46.757699: I Removing old recommendations from: /home/vincenzo/PycharmProjects/my_sir_elliot/results/movielens_1m/recs
2022-11-17 17:41:46.757912: I Writing recommendations at: /home/vincenzo/PycharmProjects/my_sir_elliot/results/movielens_1m/recs
2022-11-17 17:41:46.847173: I I have found a best iteration
2022-11-17 17:41:48.415483: I Epoch 10/10 loss 8.87273
