2022-11-17 15:45:21.547003: I Loading parameters
2022-11-17 15:45:21.547210: I Parameter intermediate_dim set to 200
2022-11-17 15:45:21.547312: I Parameter latent_dim set to 50
2022-11-17 15:45:21.547358: I Parameter reg_lambda set to 0
2022-11-17 15:45:21.547401: I Parameter lr set to 0.01
2022-11-17 15:45:21.547439: I Parameter dropout_pkeep set to 0.8
2022-11-17 15:45:32.418738: I Epoch 1/100 loss 973.41638
2022-11-17 15:45:32.418861: I Writing recommendations at: /home/vincenzo/PycharmProjects/my_sir_elliot/results/movielens_1m/recs
2022-11-17 15:45:32.503543: I ******************************************
2022-11-17 15:45:42.525377: I Epoch 2/100 loss 242.52287
2022-11-17 15:45:42.525498: I Writing recommendations at: /home/vincenzo/PycharmProjects/my_sir_elliot/results/movielens_1m/recs
2022-11-17 15:45:42.611969: I ******************************************
2022-11-17 15:45:52.717471: I Epoch 3/100 loss 103.47013
2022-11-17 15:45:52.717586: I Writing recommendations at: /home/vincenzo/PycharmProjects/my_sir_elliot/results/movielens_1m/recs
2022-11-17 15:45:52.803105: I ******************************************
2022-11-17 15:46:02.696525: I Epoch 4/100 loss 56.82123
2022-11-17 15:46:02.696646: I Writing recommendations at: /home/vincenzo/PycharmProjects/my_sir_elliot/results/movielens_1m/recs
2022-11-17 15:46:02.783033: I ******************************************
2022-11-17 15:46:12.514727: I Epoch 5/100 loss 36.30805
2022-11-17 15:46:12.514846: I Writing recommendations at: /home/vincenzo/PycharmProjects/my_sir_elliot/results/movielens_1m/recs
2022-11-17 15:46:12.601946: I ******************************************
2022-11-17 15:46:22.350749: I Epoch 6/100 loss 24.89128
2022-11-17 15:46:22.350871: I Writing recommendations at: /home/vincenzo/PycharmProjects/my_sir_elliot/results/movielens_1m/recs
2022-11-17 15:46:32.334400: I Epoch 7/100 loss 18.26638
2022-11-17 15:46:32.334520: I Writing recommendations at: /home/vincenzo/PycharmProjects/my_sir_elliot/results/movielens_1m/recs
2022-11-17 15:46:42.318653: I Epoch 8/100 loss 13.93538
2022-11-17 15:46:42.318774: I Writing recommendations at: /home/vincenzo/PycharmProjects/my_sir_elliot/results/movielens_1m/recs
2022-11-17 15:46:52.101113: I Epoch 9/100 loss 10.99014
2022-11-17 15:46:52.101239: I Writing recommendations at: /home/vincenzo/PycharmProjects/my_sir_elliot/results/movielens_1m/recs
2022-11-17 15:46:52.189384: I ******************************************
2022-11-17 15:47:02.079300: I Epoch 10/100 loss 8.88486
2022-11-17 15:47:02.079422: I Writing recommendations at: /home/vincenzo/PycharmProjects/my_sir_elliot/results/movielens_1m/recs
2022-11-17 15:47:11.907527: I Epoch 11/100 loss 7.29855
2022-11-17 15:47:11.907654: I Writing recommendations at: /home/vincenzo/PycharmProjects/my_sir_elliot/results/movielens_1m/recs
2022-11-17 15:47:11.992718: I ******************************************
2022-11-17 15:47:12.000441: I Analyzed pair: (0.08849, 0.08396): False
2022-11-17 15:47:12.000794: I Analyzed pair: (0.08396, 0.08496): True
2022-11-17 15:47:12.000875: I Analyzed pair: (0.08496, 0.07605): False
2022-11-17 15:47:12.000942: I Analyzed pair: (0.07605, 0.05784): False
2022-11-17 15:47:12.001009: I Analyzed pair: (0.05784, 0.07506): True
2022-11-17 15:47:12.001074: I Analyzed pair: (0.07506, 0.07742): True
2022-11-17 15:47:12.001139: I Analyzed pair: (0.07742, 0.07429): False
2022-11-17 15:47:12.001203: I Analyzed pair: (0.07429, 0.04292): False
2022-11-17 15:47:12.001266: I Analyzed pair: (0.04292, 0.0292): False
2022-11-17 15:47:12.001330: I Analyzed pair: (0.0292, 0.01335): False
2022-11-17 15:47:12.001378: I Check List: [False, True, False, False, True, True, False, False, False, False]
2022-11-17 15:47:21.926946: I Epoch 12/100 loss 6.10185
2022-11-17 15:47:21.927071: I Writing recommendations at: /home/vincenzo/PycharmProjects/my_sir_elliot/results/movielens_1m/recs
2022-11-17 15:47:22.022827: I Analyzed pair: (0.08525, 0.08849): True
2022-11-17 15:47:22.023177: I Analyzed pair: (0.08849, 0.08396): False
2022-11-17 15:47:22.023345: I Analyzed pair: (0.08396, 0.08496): True
2022-11-17 15:47:22.023512: I Analyzed pair: (0.08496, 0.07605): False
2022-11-17 15:47:22.023589: I Analyzed pair: (0.07605, 0.05784): False
2022-11-17 15:47:22.023656: I Analyzed pair: (0.05784, 0.07506): True
2022-11-17 15:47:22.023721: I Analyzed pair: (0.07506, 0.07742): True
2022-11-17 15:47:22.023785: I Analyzed pair: (0.07742, 0.07429): False
2022-11-17 15:47:22.023849: I Analyzed pair: (0.07429, 0.04292): False
2022-11-17 15:47:22.023912: I Analyzed pair: (0.04292, 0.0292): False
2022-11-17 15:47:22.023978: I Check List: [True, False, True, False, False, True, True, False, False, False]
