2022-11-17 17:36:36.897993: I Loading parameters
2022-11-17 17:36:36.898197: I Parameter intermediate_dim set to 200
2022-11-17 17:36:36.898241: I Parameter latent_dim set to 100
2022-11-17 17:36:36.898280: I Parameter reg_lambda set to 0
2022-11-17 17:36:36.898322: I Parameter lr set to 0.01
2022-11-17 17:36:36.898358: I Parameter dropout_pkeep set to 0.8
2022-11-17 17:36:39.252839: I Epoch 1/10 loss 973.93921
2022-11-17 17:36:39.253438: I Writing recommendations at: /home/vincenzo/PycharmProjects/my_sir_elliot/results/movielens_1m/recs
2022-11-17 17:36:39.339930: I I have found a best iteration
2022-11-17 17:36:40.882624: I Epoch 2/10 loss 242.53868
2022-11-17 17:36:40.882897: I Removing old recommendations from: /home/vincenzo/PycharmProjects/my_sir_elliot/results/movielens_1m/recs
2022-11-17 17:36:40.883111: I Writing recommendations at: /home/vincenzo/PycharmProjects/my_sir_elliot/results/movielens_1m/recs
2022-11-17 17:36:40.971619: I I have found a best iteration
2022-11-17 17:36:42.586299: I Epoch 3/10 loss 103.15274
2022-11-17 17:36:42.586566: I Removing old recommendations from: /home/vincenzo/PycharmProjects/my_sir_elliot/results/movielens_1m/recs
2022-11-17 17:36:42.586787: I Writing recommendations at: /home/vincenzo/PycharmProjects/my_sir_elliot/results/movielens_1m/recs
2022-11-17 17:36:42.672655: I I have found a best iteration
2022-11-17 17:36:44.221140: I Epoch 4/10 loss 56.94864
2022-11-17 17:36:44.221413: I Removing old recommendations from: /home/vincenzo/PycharmProjects/my_sir_elliot/results/movielens_1m/recs
2022-11-17 17:36:44.221633: I Writing recommendations at: /home/vincenzo/PycharmProjects/my_sir_elliot/results/movielens_1m/recs
2022-11-17 17:36:44.310078: I I have found a best iteration
2022-11-17 17:36:45.823220: I Epoch 5/10 loss 36.21843
2022-11-17 17:36:45.823492: I Removing old recommendations from: /home/vincenzo/PycharmProjects/my_sir_elliot/results/movielens_1m/recs
2022-11-17 17:36:45.823706: I Writing recommendations at: /home/vincenzo/PycharmProjects/my_sir_elliot/results/movielens_1m/recs
2022-11-17 17:36:45.912786: I I have found a best iteration
2022-11-17 17:36:47.440669: I Epoch 6/10 loss 24.83938
2022-11-17 17:36:48.981789: I Epoch 7/10 loss 18.24197
2022-11-17 17:36:50.528372: I Epoch 8/10 loss 13.93359
2022-11-17 17:36:52.069948: I Epoch 9/10 loss 10.98230
2022-11-17 17:36:52.070222: I Removing old recommendations from: /home/vincenzo/PycharmProjects/my_sir_elliot/results/movielens_1m/recs
2022-11-17 17:36:52.070441: I Writing recommendations at: /home/vincenzo/PycharmProjects/my_sir_elliot/results/movielens_1m/recs
2022-11-17 17:36:52.157252: I I have found a best iteration
2022-11-17 17:36:53.692444: I Epoch 10/10 loss 8.87273
2022-11-17 17:36:53.748853: I Loading parameters
2022-11-17 17:36:53.749137: I Parameter intermediate_dim set to 200
2022-11-17 17:36:53.749213: I Parameter latent_dim set to 50
2022-11-17 17:36:53.749250: I Parameter reg_lambda set to 0
2022-11-17 17:36:53.749287: I Parameter lr set to 0.01
2022-11-17 17:36:53.749390: I Parameter dropout_pkeep set to 0.8
2022-11-17 17:36:55.723173: I Epoch 1/10 loss 973.41638
2022-11-17 17:36:55.723743: I Writing recommendations at: /home/vincenzo/PycharmProjects/my_sir_elliot/results/movielens_1m/recs
2022-11-17 17:36:55.808008: I I have found a best iteration
2022-11-17 17:36:57.317302: I Epoch 2/10 loss 242.52287
2022-11-17 17:36:57.317575: I Removing old recommendations from: /home/vincenzo/PycharmProjects/my_sir_elliot/results/movielens_1m/recs
2022-11-17 17:36:57.317791: I Writing recommendations at: /home/vincenzo/PycharmProjects/my_sir_elliot/results/movielens_1m/recs
2022-11-17 17:36:57.406562: I I have found a best iteration
2022-11-17 17:36:58.918519: I Epoch 3/10 loss 103.47013
2022-11-17 17:36:58.918782: I Removing old recommendations from: /home/vincenzo/PycharmProjects/my_sir_elliot/results/movielens_1m/recs
2022-11-17 17:36:58.919001: I Writing recommendations at: /home/vincenzo/PycharmProjects/my_sir_elliot/results/movielens_1m/recs
2022-11-17 17:36:59.012528: I I have found a best iteration
2022-11-17 17:37:00.539033: I Epoch 4/10 loss 56.82123
2022-11-17 17:37:00.539323: I Removing old recommendations from: /home/vincenzo/PycharmProjects/my_sir_elliot/results/movielens_1m/recs
2022-11-17 17:37:00.539538: I Writing recommendations at: /home/vincenzo/PycharmProjects/my_sir_elliot/results/movielens_1m/recs
2022-11-17 17:37:00.627758: I I have found a best iteration
2022-11-17 17:37:02.152052: I Epoch 5/10 loss 36.30805
2022-11-17 17:37:02.152313: I Removing old recommendations from: /home/vincenzo/PycharmProjects/my_sir_elliot/results/movielens_1m/recs
2022-11-17 17:37:02.152536: I Writing recommendations at: /home/vincenzo/PycharmProjects/my_sir_elliot/results/movielens_1m/recs
2022-11-17 17:37:02.240646: I I have found a best iteration
2022-11-17 17:37:03.783276: I Epoch 6/10 loss 24.89128
2022-11-17 17:37:05.399517: I Epoch 7/10 loss 18.26638
2022-11-17 17:37:06.916099: I Epoch 8/10 loss 13.93538
2022-11-17 17:37:08.422459: I Epoch 9/10 loss 10.99014
2022-11-17 17:37:08.422737: I Removing old recommendations from: /home/vincenzo/PycharmProjects/my_sir_elliot/results/movielens_1m/recs
2022-11-17 17:37:08.422942: I Writing recommendations at: /home/vincenzo/PycharmProjects/my_sir_elliot/results/movielens_1m/recs
2022-11-17 17:37:08.511691: I I have found a best iteration
2022-11-17 17:37:10.023554: I Epoch 10/10 loss 8.88486
2022-11-17 17:37:10.079870: I Loading parameters
2022-11-17 17:37:10.080093: I Parameter intermediate_dim set to 100
2022-11-17 17:37:10.080229: I Parameter latent_dim set to 50
2022-11-17 17:37:10.080462: I Parameter reg_lambda set to 0
2022-11-17 17:37:10.080501: I Parameter lr set to 0.01
2022-11-17 17:37:10.080538: I Parameter dropout_pkeep set to 0.8
2022-11-17 17:37:11.939316: I Epoch 1/10 loss 972.98645
2022-11-17 17:37:11.939931: I Writing recommendations at: /home/vincenzo/PycharmProjects/my_sir_elliot/results/movielens_1m/recs
2022-11-17 17:37:12.024384: I I have found a best iteration
2022-11-17 17:37:13.466322: I Epoch 2/10 loss 242.83009
2022-11-17 17:37:13.466601: I Removing old recommendations from: /home/vincenzo/PycharmProjects/my_sir_elliot/results/movielens_1m/recs
2022-11-17 17:37:13.466809: I Writing recommendations at: /home/vincenzo/PycharmProjects/my_sir_elliot/results/movielens_1m/recs
2022-11-17 17:37:13.557744: I I have found a best iteration
2022-11-17 17:37:14.989474: I Epoch 3/10 loss 105.86562
2022-11-17 17:37:14.989754: I Removing old recommendations from: /home/vincenzo/PycharmProjects/my_sir_elliot/results/movielens_1m/recs
2022-11-17 17:37:14.989979: I Writing recommendations at: /home/vincenzo/PycharmProjects/my_sir_elliot/results/movielens_1m/recs
2022-11-17 17:37:15.079514: I I have found a best iteration
2022-11-17 17:37:16.601778: I Epoch 4/10 loss 57.40934
2022-11-17 17:37:16.602039: I Removing old recommendations from: /home/vincenzo/PycharmProjects/my_sir_elliot/results/movielens_1m/recs
2022-11-17 17:37:16.602252: I Writing recommendations at: /home/vincenzo/PycharmProjects/my_sir_elliot/results/movielens_1m/recs
2022-11-17 17:37:16.694052: I I have found a best iteration
2022-11-17 17:37:18.144898: I Epoch 5/10 loss 36.03599
2022-11-17 17:37:18.145172: I Removing old recommendations from: /home/vincenzo/PycharmProjects/my_sir_elliot/results/movielens_1m/recs
2022-11-17 17:37:18.145392: I Writing recommendations at: /home/vincenzo/PycharmProjects/my_sir_elliot/results/movielens_1m/recs
2022-11-17 17:37:18.235489: I I have found a best iteration
2022-11-17 17:37:19.694828: I Epoch 6/10 loss 24.96318
2022-11-17 17:37:19.695106: I Removing old recommendations from: /home/vincenzo/PycharmProjects/my_sir_elliot/results/movielens_1m/recs
2022-11-17 17:37:19.695330: I Writing recommendations at: /home/vincenzo/PycharmProjects/my_sir_elliot/results/movielens_1m/recs
2022-11-17 17:37:19.784329: I I have found a best iteration
2022-11-17 17:37:21.236801: I Epoch 7/10 loss 18.28758
2022-11-17 17:37:21.237077: I Removing old recommendations from: /home/vincenzo/PycharmProjects/my_sir_elliot/results/movielens_1m/recs
2022-11-17 17:37:21.237292: I Writing recommendations at: /home/vincenzo/PycharmProjects/my_sir_elliot/results/movielens_1m/recs
2022-11-17 17:37:21.327106: I I have found a best iteration
2022-11-17 17:37:22.788722: I Epoch 8/10 loss 13.95788
2022-11-17 17:37:24.259874: I Epoch 9/10 loss 11.01103
2022-11-17 17:37:24.260170: I Removing old recommendations from: /home/vincenzo/PycharmProjects/my_sir_elliot/results/movielens_1m/recs
2022-11-17 17:37:24.260384: I Writing recommendations at: /home/vincenzo/PycharmProjects/my_sir_elliot/results/movielens_1m/recs
2022-11-17 17:37:24.350434: I I have found a best iteration
2022-11-17 17:37:25.816045: I Epoch 10/10 loss 8.91315
2022-11-17 17:37:25.877100: I Loading parameters
2022-11-17 17:37:25.877300: I Parameter intermediate_dim set to 100
2022-11-17 17:37:25.877345: I Parameter latent_dim set to 100
2022-11-17 17:37:25.877384: I Parameter reg_lambda set to 0
2022-11-17 17:37:25.877423: I Parameter lr set to 0.01
2022-11-17 17:37:25.877460: I Parameter dropout_pkeep set to 0.8
2022-11-17 17:37:27.856660: I Epoch 1/10 loss 973.19171
2022-11-17 17:37:27.857264: I Writing recommendations at: /home/vincenzo/PycharmProjects/my_sir_elliot/results/movielens_1m/recs
2022-11-17 17:37:27.946213: I I have found a best iteration
2022-11-17 17:37:29.415664: I Epoch 2/10 loss 242.10695
2022-11-17 17:37:29.415935: I Removing old recommendations from: /home/vincenzo/PycharmProjects/my_sir_elliot/results/movielens_1m/recs
2022-11-17 17:37:29.416167: I Writing recommendations at: /home/vincenzo/PycharmProjects/my_sir_elliot/results/movielens_1m/recs
2022-11-17 17:37:29.511705: I I have found a best iteration
2022-11-17 17:37:30.970997: I Epoch 3/10 loss 104.11563
2022-11-17 17:37:30.971264: I Removing old recommendations from: /home/vincenzo/PycharmProjects/my_sir_elliot/results/movielens_1m/recs
2022-11-17 17:37:30.971482: I Writing recommendations at: /home/vincenzo/PycharmProjects/my_sir_elliot/results/movielens_1m/recs
2022-11-17 17:37:31.059097: I I have found a best iteration
2022-11-17 17:37:32.544975: I Epoch 4/10 loss 56.48450
2022-11-17 17:37:32.545272: I Removing old recommendations from: /home/vincenzo/PycharmProjects/my_sir_elliot/results/movielens_1m/recs
2022-11-17 17:37:32.545489: I Writing recommendations at: /home/vincenzo/PycharmProjects/my_sir_elliot/results/movielens_1m/recs
2022-11-17 17:37:32.633337: I I have found a best iteration
2022-11-17 17:37:34.126466: I Epoch 5/10 loss 35.90623
2022-11-17 17:37:34.126748: I Removing old recommendations from: /home/vincenzo/PycharmProjects/my_sir_elliot/results/movielens_1m/recs
2022-11-17 17:37:34.126975: I Writing recommendations at: /home/vincenzo/PycharmProjects/my_sir_elliot/results/movielens_1m/recs
2022-11-17 17:37:34.216214: I I have found a best iteration
2022-11-17 17:37:35.688481: I Epoch 6/10 loss 24.89114
2022-11-17 17:37:35.688772: I Removing old recommendations from: /home/vincenzo/PycharmProjects/my_sir_elliot/results/movielens_1m/recs
2022-11-17 17:37:35.688992: I Writing recommendations at: /home/vincenzo/PycharmProjects/my_sir_elliot/results/movielens_1m/recs
2022-11-17 17:37:35.779125: I I have found a best iteration
2022-11-17 17:37:37.250462: I Epoch 7/10 loss 18.23283
2022-11-17 17:37:38.811154: I Epoch 8/10 loss 13.93261
2022-11-17 17:37:40.304012: I Epoch 9/10 loss 10.99601
2022-11-17 17:37:41.774176: I Epoch 10/10 loss 8.90514
