2022-11-17 17:52:44.737193: I Loading parameters
2022-11-17 17:52:44.737572: I Parameter intermediate_dim set to 100
2022-11-17 17:52:44.737690: I Parameter latent_dim set to 100
2022-11-17 17:52:44.737803: I Parameter reg_lambda set to 0
2022-11-17 17:52:44.737916: I Parameter lr set to 0.01
2022-11-17 17:52:44.738150: I Parameter dropout_pkeep set to 0.8
2022-11-17 17:52:50.736709: I Epoch 1/10 loss 973.19171
2022-11-17 17:52:50.739087: I Removing old recommendations from: /home/vincenzo/PycharmProjects/my_sir_elliot/results/movielens_1m/recs
2022-11-17 17:52:50.739404: I Writing recommendations at: /home/vincenzo/PycharmProjects/my_sir_elliot/results/movielens_1m/recs
2022-11-17 17:52:50.836224: I I have found a best iteration
2022-11-17 17:53:48.313122: I Epoch 2/10 loss 242.10695
2022-11-17 17:53:48.313714: I Removing old recommendations from: /home/vincenzo/PycharmProjects/my_sir_elliot/results/movielens_1m/recs
2022-11-17 17:53:48.314006: I Writing recommendations at: /home/vincenzo/PycharmProjects/my_sir_elliot/results/movielens_1m/recs
2022-11-17 17:53:48.416449: I I have found a best iteration
2022-11-17 17:53:51.744848: I Epoch 3/10 loss 104.11563
2022-11-17 17:53:51.745373: I Removing old recommendations from: /home/vincenzo/PycharmProjects/my_sir_elliot/results/movielens_1m/recs
2022-11-17 17:53:51.745656: I Writing recommendations at: /home/vincenzo/PycharmProjects/my_sir_elliot/results/movielens_1m/recs
2022-11-17 17:53:51.843482: I I have found a best iteration
2022-11-17 17:53:55.188842: I Epoch 4/10 loss 56.48450
2022-11-17 17:53:55.189384: I Removing old recommendations from: /home/vincenzo/PycharmProjects/my_sir_elliot/results/movielens_1m/recs
2022-11-17 17:53:55.189679: I Writing recommendations at: /home/vincenzo/PycharmProjects/my_sir_elliot/results/movielens_1m/recs
2022-11-17 17:53:55.292549: I I have found a best iteration
2022-11-17 17:53:58.620583: I Epoch 5/10 loss 35.90623
2022-11-17 17:53:58.621119: I Removing old recommendations from: /home/vincenzo/PycharmProjects/my_sir_elliot/results/movielens_1m/recs
2022-11-17 17:53:58.621414: I Writing recommendations at: /home/vincenzo/PycharmProjects/my_sir_elliot/results/movielens_1m/recs
2022-11-17 17:53:58.718397: I I have found a best iteration
2022-11-17 17:54:02.065247: I Epoch 6/10 loss 24.89114
2022-11-17 17:54:02.065769: I Removing old recommendations from: /home/vincenzo/PycharmProjects/my_sir_elliot/results/movielens_1m/recs
2022-11-17 17:54:02.066051: I Writing recommendations at: /home/vincenzo/PycharmProjects/my_sir_elliot/results/movielens_1m/recs
2022-11-17 17:54:02.167925: I I have found a best iteration
2022-11-17 17:54:05.495359: I Epoch 7/10 loss 18.23283
2022-11-17 17:54:08.882878: I Epoch 8/10 loss 13.93261
2022-11-17 17:54:12.187448: I Epoch 9/10 loss 10.99601
2022-11-17 17:54:15.570467: I Epoch 10/10 loss 8.90514
