2022-11-17 15:57:37.039434: I Loading parameters
2022-11-17 15:57:37.039522: I Parameter intermediate_dim set to 200
2022-11-17 15:57:37.039566: I Parameter latent_dim set to 50
2022-11-17 15:57:37.039606: I Parameter reg_lambda set to 0
2022-11-17 15:57:37.039648: I Parameter lr set to 0.01
2022-11-17 15:57:37.039687: I Parameter dropout_pkeep set to 0.8
2022-11-17 15:57:39.218268: I Epoch 1/10 loss 973.41638
2022-11-17 15:57:39.218378: I Writing recommendations at: /home/vincenzo/PycharmProjects/my_sir_elliot/results/movielens_1m/recs
2022-11-17 15:57:39.304985: I ******************************************
2022-11-17 15:57:40.666573: I Epoch 2/10 loss 242.52287
2022-11-17 15:57:40.666687: I Writing recommendations at: /home/vincenzo/PycharmProjects/my_sir_elliot/results/movielens_1m/recs
2022-11-17 15:57:40.756607: I ******************************************
2022-11-17 15:57:42.099061: I Epoch 3/10 loss 103.47013
2022-11-17 15:57:42.099174: I Writing recommendations at: /home/vincenzo/PycharmProjects/my_sir_elliot/results/movielens_1m/recs
2022-11-17 15:57:42.193598: I ******************************************
2022-11-17 15:57:43.527359: I Epoch 4/10 loss 56.82123
2022-11-17 15:57:43.527472: I Writing recommendations at: /home/vincenzo/PycharmProjects/my_sir_elliot/results/movielens_1m/recs
2022-11-17 15:57:43.616780: I ******************************************
2022-11-17 15:57:45.023730: I Epoch 5/10 loss 36.30805
2022-11-17 15:57:45.023839: I Writing recommendations at: /home/vincenzo/PycharmProjects/my_sir_elliot/results/movielens_1m/recs
2022-11-17 15:57:45.111853: I ******************************************
2022-11-17 15:57:46.486347: I Epoch 6/10 loss 24.89128
2022-11-17 15:57:46.486462: I Writing recommendations at: /home/vincenzo/PycharmProjects/my_sir_elliot/results/movielens_1m/recs
2022-11-17 15:57:47.938214: I Epoch 7/10 loss 18.26638
2022-11-17 15:57:47.938325: I Writing recommendations at: /home/vincenzo/PycharmProjects/my_sir_elliot/results/movielens_1m/recs
2022-11-17 15:57:49.391767: I Epoch 8/10 loss 13.93538
2022-11-17 15:57:49.391895: I Writing recommendations at: /home/vincenzo/PycharmProjects/my_sir_elliot/results/movielens_1m/recs
2022-11-17 15:57:50.833228: I Epoch 9/10 loss 10.99014
2022-11-17 15:57:50.833337: I Writing recommendations at: /home/vincenzo/PycharmProjects/my_sir_elliot/results/movielens_1m/recs
2022-11-17 15:57:50.924840: I ******************************************
2022-11-17 15:57:52.285769: I Epoch 10/10 loss 8.88486
2022-11-17 15:57:52.285894: I Writing recommendations at: /home/vincenzo/PycharmProjects/my_sir_elliot/results/movielens_1m/recs
2022-11-17 15:57:52.430542: I Loading parameters
2022-11-17 15:57:52.430842: I Parameter intermediate_dim set to 100
2022-11-17 15:57:52.431030: I Parameter latent_dim set to 50
2022-11-17 15:57:52.431071: I Parameter reg_lambda set to 0
2022-11-17 15:57:52.431117: I Parameter lr set to 0.01
2022-11-17 15:57:52.431154: I Parameter dropout_pkeep set to 0.8
2022-11-17 15:57:54.070641: I Epoch 1/10 loss 972.98645
2022-11-17 15:57:54.070758: I Writing recommendations at: /home/vincenzo/PycharmProjects/my_sir_elliot/results/movielens_1m/recs
2022-11-17 15:57:54.160496: I ******************************************
2022-11-17 15:57:55.484344: I Epoch 2/10 loss 242.83009
2022-11-17 15:57:55.484457: I Writing recommendations at: /home/vincenzo/PycharmProjects/my_sir_elliot/results/movielens_1m/recs
2022-11-17 15:57:55.576892: I ******************************************
2022-11-17 15:57:56.830989: I Epoch 3/10 loss 105.86562
2022-11-17 15:57:56.831100: I Writing recommendations at: /home/vincenzo/PycharmProjects/my_sir_elliot/results/movielens_1m/recs
2022-11-17 15:57:56.921913: I ******************************************
2022-11-17 15:57:58.186918: I Epoch 4/10 loss 57.40934
2022-11-17 15:57:58.187035: I Writing recommendations at: /home/vincenzo/PycharmProjects/my_sir_elliot/results/movielens_1m/recs
2022-11-17 15:57:58.278484: I ******************************************
2022-11-17 15:57:59.529917: I Epoch 5/10 loss 36.03599
2022-11-17 15:57:59.530031: I Writing recommendations at: /home/vincenzo/PycharmProjects/my_sir_elliot/results/movielens_1m/recs
2022-11-17 15:57:59.620686: I ******************************************
2022-11-17 15:58:00.875367: I Epoch 6/10 loss 24.96318
2022-11-17 15:58:00.875486: I Writing recommendations at: /home/vincenzo/PycharmProjects/my_sir_elliot/results/movielens_1m/recs
2022-11-17 15:58:00.968762: I ******************************************
2022-11-17 15:58:02.227878: I Epoch 7/10 loss 18.28758
2022-11-17 15:58:02.227992: I Writing recommendations at: /home/vincenzo/PycharmProjects/my_sir_elliot/results/movielens_1m/recs
2022-11-17 15:58:02.318146: I ******************************************
2022-11-17 15:58:03.580973: I Epoch 8/10 loss 13.95788
2022-11-17 15:58:03.581084: I Writing recommendations at: /home/vincenzo/PycharmProjects/my_sir_elliot/results/movielens_1m/recs
2022-11-17 15:58:04.928065: I Epoch 9/10 loss 11.01103
2022-11-17 15:58:04.928171: I Writing recommendations at: /home/vincenzo/PycharmProjects/my_sir_elliot/results/movielens_1m/recs
2022-11-17 15:58:05.020243: I ******************************************
2022-11-17 15:58:06.277106: I Epoch 10/10 loss 8.91315
2022-11-17 15:58:06.277219: I Writing recommendations at: /home/vincenzo/PycharmProjects/my_sir_elliot/results/movielens_1m/recs
